<?xml version="1.0" encoding="UTF-8"?>
<!-- Generated by org.testng.reporters.JUnitReportReporter -->
<testsuite hostname="MBTLT25" failures="0" tests="2" name="runner1.Testrunner" time="8.079" errors="0" timestamp="2023-11-21T08:16:54 IST" skipped="0">
  <testcase classname="runner1.Testrunner" name="runScenario" time="4.109"/>
  <testcase classname="runner1.Testrunner" name="runScenario" time="3.970"/>
</testsuite> <!-- runner1.Testrunner -->
