<?xml version="1.0" encoding="UTF-8"?>
<!-- Generated by org.testng.reporters.JUnitReportReporter -->
<testsuite hostname="MBTLT25" failures="0" tests="2" name="runner1.Testrunner" time="14.212" errors="0" timestamp="2023-11-21T13:12:29 IST" skipped="0">
  <testcase classname="runner1.Testrunner" name="runScenario" time="7.460"/>
  <testcase classname="runner1.Testrunner" name="runScenario" time="6.752"/>
</testsuite> <!-- runner1.Testrunner -->
