<?xml version="1.0" encoding="UTF-8"?>
<!-- Generated by org.testng.reporters.JUnitReportReporter -->
<testsuite hostname="MBTLT25" failures="0" tests="2" name="runner1.Testrunner" time="15.062" errors="0" timestamp="2023-11-21T13:01:35 IST" skipped="0">
  <testcase classname="runner1.Testrunner" name="runScenario" time="9.058"/>
  <testcase classname="runner1.Testrunner" name="runScenario" time="6.004"/>
</testsuite> <!-- runner1.Testrunner -->
